Using pre-set license
Built from '2021.3/staging' branch; Version is '2021.3.11f1 (0a5ca18544bf) revision 679073'; Using compiler version '192829333'; Build Type 'Release'
OS: 'Windows 10  (10.0.19044) 64bit Core' Language: 'en' Physical Memory: 16251 MB
BatchMode: 1, IsHumanControllingUs: 0, StartBugReporterOnCrash: 0, Is64bit: 1, IsPro: 1

COMMAND LINE ARGUMENTS:
C:\Program Files\Unity\Hub\Editor\2021.3.11f1\Editor\Unity.exe
-adb2
-batchMode
-noUpm
-name
AssetImportWorker2
-projectPath
C:/Users/lichu/Documents/JUAJUA/JuaJUA/juaJUA
-logFile
Logs/AssetImportWorker2.log
-srvPort
61932
Successfully changed project path to: C:/Users/lichu/Documents/JUAJUA/JuaJUA/juaJUA
C:/Users/lichu/Documents/JUAJUA/JuaJUA/juaJUA
[UnityMemory] Configuration Parameters - Can be set up in boot.config
    "memorysetup-bucket-allocator-granularity=16"
    "memorysetup-bucket-allocator-bucket-count=8"
    "memorysetup-bucket-allocator-block-size=33554432"
    "memorysetup-bucket-allocator-block-count=8"
    "memorysetup-main-allocator-block-size=16777216"
    "memorysetup-thread-allocator-block-size=16777216"
    "memorysetup-gfx-main-allocator-block-size=16777216"
    "memorysetup-gfx-thread-allocator-block-size=16777216"
    "memorysetup-cache-allocator-block-size=4194304"
    "memorysetup-typetree-allocator-block-size=2097152"
    "memorysetup-profiler-bucket-allocator-granularity=16"
    "memorysetup-profiler-bucket-allocator-bucket-count=8"
    "memorysetup-profiler-bucket-allocator-block-size=33554432"
    "memorysetup-profiler-bucket-allocator-block-count=8"
    "memorysetup-profiler-allocator-block-size=16777216"
    "memorysetup-profiler-editor-allocator-block-size=1048576"
    "memorysetup-temp-allocator-size-main=16777216"
    "memorysetup-job-temp-allocator-block-size=2097152"
    "memorysetup-job-temp-allocator-block-size-background=1048576"
    "memorysetup-job-temp-allocator-reduction-small-platforms=262144"
    "memorysetup-temp-allocator-size-background-worker=32768"
    "memorysetup-temp-allocator-size-job-worker=262144"
    "memorysetup-temp-allocator-size-preload-manager=33554432"
    "memorysetup-temp-allocator-size-nav-mesh-worker=65536"
    "memorysetup-temp-allocator-size-audio-worker=65536"
    "memorysetup-temp-allocator-size-cloud-worker=32768"
    "memorysetup-temp-allocator-size-gi-baking-worker=262144"
    "memorysetup-temp-allocator-size-gfx=262144"
Refreshing native plugins compatible for Editor in 112.20 ms, found 9 plugins.
Preloading 0 native plugins for Editor in 0.00 ms.
Initialize engine version: 2021.3.11f1 (0a5ca18544bf)
[Subsystems] Discovering subsystems at path C:/Program Files/Unity/Hub/Editor/2021.3.11f1/Editor/Data/Resources/UnitySubsystems
[Subsystems] Discovering subsystems at path C:/Users/lichu/Documents/JUAJUA/JuaJUA/juaJUA/Assets
GfxDevice: creating device client; threaded=0; jobified=0
Direct3D:
    Version:  Direct3D 11.0 [level 11.1]
    Renderer: NVIDIA GeForce GTX 1660 Ti (ID=0x2191)
    Vendor:   NVIDIA
    VRAM:     5991 MB
    Driver:   31.0.15.1700
Initialize mono
Mono path[0] = 'C:/Program Files/Unity/Hub/Editor/2021.3.11f1/Editor/Data/Managed'
Mono path[1] = 'C:/Program Files/Unity/Hub/Editor/2021.3.11f1/Editor/Data/MonoBleedingEdge/lib/mono/unityjit-win32'
Mono config path = 'C:/Program Files/Unity/Hub/Editor/2021.3.11f1/Editor/Data/MonoBleedingEdge/etc'
Using monoOptions --debugger-agent=transport=dt_socket,embedding=1,server=y,suspend=n,address=127.0.0.1:56704
Begin MonoManager ReloadAssembly
Registering precompiled unity dll's ...
Register platform support module: C:/Program Files/Unity/Hub/Editor/2021.3.11f1/Editor/Data/PlaybackEngines/WebGLSupport/UnityEditor.WebGL.Extensions.dll
Register platform support module: C:/Program Files/Unity/Hub/Editor/2021.3.11f1/Editor/Data/PlaybackEngines/AndroidPlayer/UnityEditor.Android.Extensions.dll
Register platform support module: C:/Program Files/Unity/Hub/Editor/2021.3.11f1/Editor/Data/PlaybackEngines/iOSSupport/UnityEditor.iOS.Extensions.dll
Register platform support module: C:/Program Files/Unity/Hub/Editor/2021.3.11f1/Editor/Data/PlaybackEngines/AppleTVSupport/UnityEditor.AppleTV.Extensions.dll
Register platform support module: C:/Program Files/Unity/Hub/Editor/2021.3.11f1/Editor/Data/PlaybackEngines/WindowsStandaloneSupport/UnityEditor.WindowsStandalone.Extensions.dll
Register platform support module: C:/Program Files/Unity/Hub/Editor/2021.3.11f1/Editor/Data/PlaybackEngines/MetroSupport/UnityEditor.UWP.Extensions.dll
Registered in 0.011522 seconds.
Native extension for UWP target not found
Native extension for WindowsStandalone target not found
Native extension for AppleTV target not found
Native extension for iOS target not found
Native extension for Android target not found
Native extension for WebGL target not found
Refreshing native plugins compatible for Editor in 95.31 ms, found 9 plugins.
Preloading 0 native plugins for Editor in 0.00 ms.
Mono: successfully reloaded assembly
- Completed reload, in  0.656 seconds
Domain Reload Profiling:
	ReloadAssembly (656ms)
		BeginReloadAssembly (70ms)
			ExecutionOrderSort (0ms)
			DisableScriptedObjects (0ms)
			BackupInstance (0ms)
			ReleaseScriptingObjects (0ms)
			CreateAndSetChildDomain (1ms)
		EndReloadAssembly (476ms)
			LoadAssemblies (69ms)
			RebuildTransferFunctionScriptingTraits (0ms)
			SetupTypeCache (105ms)
			ReleaseScriptCaches (0ms)
			RebuildScriptCaches (27ms)
			SetupLoadedEditorAssemblies (293ms)
				LogAssemblyErrors (0ms)
				InitializePlatformSupportModulesInManaged (67ms)
				SetLoadedEditorAssemblies (0ms)
				RefreshPlugins (95ms)
				BeforeProcessingInitializeOnLoad (1ms)
				ProcessInitializeOnLoadAttributes (89ms)
				ProcessInitializeOnLoadMethodAttributes (40ms)
				AfterProcessingInitializeOnLoad (0ms)
				EditorAssembliesLoaded (0ms)
			ExecutionOrderSort2 (0ms)
			AwakeInstancesAfterBackupRestoration (0ms)
Platform modules already initialized, skipping
Registering precompiled user dll's ...
Registered in 0.009044 seconds.
Begin MonoManager ReloadAssembly
Native extension for UWP target not found
Native extension for WindowsStandalone target not found
Native extension for AppleTV target not found
Native extension for iOS target not found
Native extension for Android target not found
Native extension for WebGL target not found
Refreshing native plugins compatible for Editor in 110.20 ms, found 9 plugins.
Preloading 0 native plugins for Editor in 0.00 ms.
Package Manager log level set to [2]
[ARLocation]: Starting up!
UnityEngine.StackTraceUtility:ExtractStackTrace ()
UnityEngine.DebugLogHandler:LogFormat (UnityEngine.LogType,UnityEngine.Object,string,object[])
UnityEngine.Logger:Log (UnityEngine.LogType,object)
UnityEngine.Debug:Log (object)
ARLocationEditorConfigManager:.cctor () (at Assets/ARLocation/Editor/ARLocationEditorConfigManager.cs:13)
System.Runtime.CompilerServices.RuntimeHelpers:RunClassConstructor (System.RuntimeTypeHandle)
UnityEditor.EditorAssemblies:ProcessInitializeOnLoadAttributes (System.Type[])

(Filename: Assets/ARLocation/Editor/ARLocationEditorConfigManager.cs Line: 13)

[ARLocation]: Resource folder already exists!
UnityEngine.StackTraceUtility:ExtractStackTrace ()
UnityEngine.DebugLogHandler:LogFormat (UnityEngine.LogType,UnityEngine.Object,string,object[])
UnityEngine.Logger:Log (UnityEngine.LogType,object)
UnityEngine.Debug:Log (object)
ARLocationEditorConfigManager:.cctor () (at Assets/ARLocation/Editor/ARLocationEditorConfigManager.cs:17)
System.Runtime.CompilerServices.RuntimeHelpers:RunClassConstructor (System.RuntimeTypeHandle)
UnityEditor.EditorAssemblies:ProcessInitializeOnLoadAttributes (System.Type[])

(Filename: Assets/ARLocation/Editor/ARLocationEditorConfigManager.cs Line: 17)

[ARLocation]: Config already exists!
UnityEngine.StackTraceUtility:ExtractStackTrace ()
UnityEngine.DebugLogHandler:LogFormat (UnityEngine.LogType,UnityEngine.Object,string,object[])
UnityEngine.Logger:Log (UnityEngine.LogType,object)
UnityEngine.Debug:Log (object)
ARLocationEditorConfigManager:.cctor () (at Assets/ARLocation/Editor/ARLocationEditorConfigManager.cs:29)
System.Runtime.CompilerServices.RuntimeHelpers:RunClassConstructor (System.RuntimeTypeHandle)
UnityEditor.EditorAssemblies:ProcessInitializeOnLoadAttributes (System.Type[])

(Filename: Assets/ARLocation/Editor/ARLocationEditorConfigManager.cs Line: 29)

Mono: successfully reloaded assembly
- Completed reload, in  1.448 seconds
Domain Reload Profiling:
	ReloadAssembly (1449ms)
		BeginReloadAssembly (209ms)
			ExecutionOrderSort (0ms)
			DisableScriptedObjects (6ms)
			BackupInstance (0ms)
			ReleaseScriptingObjects (0ms)
			CreateAndSetChildDomain (119ms)
		EndReloadAssembly (1112ms)
			LoadAssemblies (91ms)
			RebuildTransferFunctionScriptingTraits (0ms)
			SetupTypeCache (305ms)
			ReleaseScriptCaches (1ms)
			RebuildScriptCaches (64ms)
			SetupLoadedEditorAssemblies (597ms)
				LogAssemblyErrors (0ms)
				InitializePlatformSupportModulesInManaged (33ms)
				SetLoadedEditorAssemblies (0ms)
				RefreshPlugins (110ms)
				BeforeProcessingInitializeOnLoad (129ms)
				ProcessInitializeOnLoadAttributes (290ms)
				ProcessInitializeOnLoadMethodAttributes (26ms)
				AfterProcessingInitializeOnLoad (8ms)
				EditorAssembliesLoaded (0ms)
			ExecutionOrderSort2 (0ms)
			AwakeInstancesAfterBackupRestoration (5ms)
Platform modules already initialized, skipping
========================================================================
Worker process is ready to serve import requests
Launched and connected shader compiler UnityShaderCompiler.exe after 0.19 seconds
Refreshing native plugins compatible for Editor in 1.10 ms, found 9 plugins.
Preloading 0 native plugins for Editor in 0.00 ms.
Unloading 4495 Unused Serialized files (Serialized files now loaded: 0)
Unloading 52 unused Assets / (149.2 KB). Loaded Objects now: 4937.
Memory consumption went from 154.3 MB to 154.2 MB.
Total: 3.847900 ms (FindLiveObjects: 0.314600 ms CreateObjectMapping: 0.347000 ms MarkObjects: 3.038700 ms  DeleteObjects: 0.146800 ms)

AssetImportParameters requested are different than current active one (requested -> active):
  custom:video-decoder-ogg-theora: a1e56fd34408186e4bbccfd4996cb3dc -> 
  custom:container-muxer-webm: aa71ff27fc2769a1b78a27578f13a17b -> 
  custom:container-demuxer-webm: 4f35f7cbe854078d1ac9338744f61a02 -> 
  custom:video-encoder-webm-vp8: eb34c28f22e8b96e1ab97ce403110664 -> 
  custom:video-codec-MediaFoundation-h265: 746d11721c4dcdbdad8f713fa42b33f4 -> 
  custom:audio-encoder-webm-vorbis: bf7c407c2cedff20999df2af8eb42d56 -> 
  custom:framework-win-MediaFoundation: 216162199b28c13a410421893ffa2e32 -> 
  custom:container-demuxer-ogg: 62fdf1f143b41e24485cea50d1cbac27 -> 
  custom:video-decoder-webm-vp8: 9c59270c3fd7afecdb556c50c9e8de78 -> 
  custom:audio-decoder-ogg-vorbis: bf7c407c2cedff20999df2af8eb42d56 -> 
========================================================================
Received Import Request.
  Time since last request: 393276.964020 seconds.
  path: Assets/ARLocation/Materials
  artifactKey: Guid(ed1f0da1c22674469ac317a23d624a20) Importer(815301076,1909f56bfc062723c751e8b465ee728b)
Start importing Assets/ARLocation/Materials using Guid(ed1f0da1c22674469ac317a23d624a20) Importer(815301076,1909f56bfc062723c751e8b465ee728b)  -> (artifact id: '2074d967db04e287b727e1af0146ba45') in 0.011828 seconds 
========================================================================
Received Import Request.
  Time since last request: 0.047735 seconds.
  path: Assets/ARLocation/Materials/ARFloor.mat
  artifactKey: Guid(b26314b9a672679418dda16faf643fb5) Importer(815301076,1909f56bfc062723c751e8b465ee728b)
Start importing Assets/ARLocation/Materials/ARFloor.mat using Guid(b26314b9a672679418dda16faf643fb5) Importer(815301076,1909f56bfc062723c751e8b465ee728b)  -> (artifact id: 'c0a3c8290784859e0e2dcb3ea6aa5a96') in 0.181926 seconds 
========================================================================
Received Import Request.
  Time since last request: 0.000017 seconds.
  path: Assets/ARLocation/Materials/Green 1.mat
  artifactKey: Guid(22600824992edde46acf611f3af4458c) Importer(815301076,1909f56bfc062723c751e8b465ee728b)
Start importing Assets/ARLocation/Materials/Green 1.mat using Guid(22600824992edde46acf611f3af4458c) Importer(815301076,1909f56bfc062723c751e8b465ee728b)  -> (artifact id: '0f8f813f2ed05c51bcf439e6cd003acb') in 0.253847 seconds 
========================================================================
Received Import Request.
  Time since last request: 0.000052 seconds.
  path: Assets/ARLocation/Materials/Line.mat
  artifactKey: Guid(7a3b020d457baed478f4ca326d7cae9a) Importer(815301076,1909f56bfc062723c751e8b465ee728b)
Start importing Assets/ARLocation/Materials/Line.mat using Guid(7a3b020d457baed478f4ca326d7cae9a) Importer(815301076,1909f56bfc062723c751e8b465ee728b)  -> (artifact id: '3ee6a11cb1dea41e3d6018a33b64ba31') in 0.053846 seconds 
========================================================================
Received Import Request.
  Time since last request: 5.267641 seconds.
  path: Assets/ARLocation/Prefabs
  artifactKey: Guid(d6a1ac1e5c60f4652b8d9bd90c3a6d89) Importer(815301076,1909f56bfc062723c751e8b465ee728b)
Start importing Assets/ARLocation/Prefabs using Guid(d6a1ac1e5c60f4652b8d9bd90c3a6d89) Importer(815301076,1909f56bfc062723c751e8b465ee728b)  -> (artifact id: '9cbec2dca0bcf460f0bd472f2dc7860b') in 0.005853 seconds 
========================================================================
Received Import Request.
  Time since last request: 0.062550 seconds.
  path: Assets/ARLocation/Prefabs/ARLocationRoot.prefab
  artifactKey: Guid(10e64a1699ff523418906ae654243e40) Importer(815301076,1909f56bfc062723c751e8b465ee728b)
Start importing Assets/ARLocation/Prefabs/ARLocationRoot.prefab using Guid(10e64a1699ff523418906ae654243e40) Importer(815301076,1909f56bfc062723c751e8b465ee728b)  -> (artifact id: '352cf5a1193dee90b2a4334ff1d262ab') in 0.033539 seconds 
========================================================================
Received Import Request.
  Time since last request: 4.205362 seconds.
  path: Assets/ARLocation/Samples
  artifactKey: Guid(fd9aa432cc7f99648b9cc9dc4962bc5c) Importer(815301076,1909f56bfc062723c751e8b465ee728b)
Start importing Assets/ARLocation/Samples using Guid(fd9aa432cc7f99648b9cc9dc4962bc5c) Importer(815301076,1909f56bfc062723c751e8b465ee728b)  -> (artifact id: 'a68579447aa61a992fe25f8b8206a218') in 0.005523 seconds 
========================================================================
Received Import Request.
  Time since last request: 7.380116 seconds.
  path: Assets/ARLocation/Samples/ARLocation 3D Text.unity
  artifactKey: Guid(5c043518199ea024ead87bc2f9450641) Importer(815301076,1909f56bfc062723c751e8b465ee728b)
Start importing Assets/ARLocation/Samples/ARLocation 3D Text.unity using Guid(5c043518199ea024ead87bc2f9450641) Importer(815301076,1909f56bfc062723c751e8b465ee728b)  -> (artifact id: 'c995d21ee5bf09e988071f185bbaeecd') in 0.006627 seconds 
========================================================================
Received Import Request.
  Time since last request: 4.787628 seconds.
  path: Assets/ARLocation/Samples/ARLocation Basic.unity
  artifactKey: Guid(7dffd400607cdc24ea32e2d34f53fe95) Importer(815301076,1909f56bfc062723c751e8b465ee728b)
Start importing Assets/ARLocation/Samples/ARLocation Basic.unity using Guid(7dffd400607cdc24ea32e2d34f53fe95) Importer(815301076,1909f56bfc062723c751e8b465ee728b)  -> (artifact id: '82ea47220db54308c5d46f6c6c65b475') in 0.005716 seconds 
========================================================================
Received Import Request.
  Time since last request: 2.923296 seconds.
  path: Assets/ARLocation/Samples/ARLocation Hotspot.unity
  artifactKey: Guid(ba581dfe789e28e47b06ed0589afffc0) Importer(815301076,1909f56bfc062723c751e8b465ee728b)
Start importing Assets/ARLocation/Samples/ARLocation Hotspot.unity using Guid(ba581dfe789e28e47b06ed0589afffc0) Importer(815301076,1909f56bfc062723c751e8b465ee728b)  -> (artifact id: 'fccd1eded11a2dbbb3a9dc0f9e036aa1') in 0.005833 seconds 
========================================================================
Received Import Request.
  Time since last request: 1.467369 seconds.
  path: Assets/ARLocation/Samples/ARLocation Jet Fighter Squad.unity
  artifactKey: Guid(7f4e9a6e77b8d0e48a7db67367844a80) Importer(815301076,1909f56bfc062723c751e8b465ee728b)
Start importing Assets/ARLocation/Samples/ARLocation Jet Fighter Squad.unity using Guid(7f4e9a6e77b8d0e48a7db67367844a80) Importer(815301076,1909f56bfc062723c751e8b465ee728b)  -> (artifact id: '2ad8e25254a85ebb2aa14f4a0b679393') in 0.006110 seconds 
========================================================================
Received Import Request.
  Time since last request: 9.120330 seconds.
  path: Assets/ARLocation/Samples/ARLocation Jet Fighter.unity
  artifactKey: Guid(3d18decc3ae584bd1976e177bfee6eee) Importer(815301076,1909f56bfc062723c751e8b465ee728b)
Start importing Assets/ARLocation/Samples/ARLocation Jet Fighter.unity using Guid(3d18decc3ae584bd1976e177bfee6eee) Importer(815301076,1909f56bfc062723c751e8b465ee728b)  -> (artifact id: 'de4a99a0eac5d1f6b579ace98724ec90') in 0.006654 seconds 
========================================================================
Received Import Request.
  Time since last request: 2.464171 seconds.
  path: Assets/ARLocation/Samples/ARLocation Path Line Render.unity
  artifactKey: Guid(ec4131c10e5845843ae2f6fb5e664da2) Importer(815301076,1909f56bfc062723c751e8b465ee728b)
Start importing Assets/ARLocation/Samples/ARLocation Path Line Render.unity using Guid(ec4131c10e5845843ae2f6fb5e664da2) Importer(815301076,1909f56bfc062723c751e8b465ee728b)  -> (artifact id: '00c099aef5e2e4d9225e1687943bb45b') in 0.006004 seconds 
========================================================================
Received Import Request.
  Time since last request: 1.650198 seconds.
  path: Assets/ARLocation/Samples/ARLocation Place Along Path.unity
  artifactKey: Guid(309466762fcf26b48baca5eb8055b7f0) Importer(815301076,1909f56bfc062723c751e8b465ee728b)
Start importing Assets/ARLocation/Samples/ARLocation Place Along Path.unity using Guid(309466762fcf26b48baca5eb8055b7f0) Importer(815301076,1909f56bfc062723c751e8b465ee728b)  -> (artifact id: '248471384db8f15891fa01c6fa9b0edd') in 0.005116 seconds 
========================================================================
Received Import Request.
  Time since last request: 1.372861 seconds.
  path: Assets/ARLocation/Samples/ARLocation Place At Locations.unity
  artifactKey: Guid(4d2175edcfda79b4cbe8c129b88a69a2) Importer(815301076,1909f56bfc062723c751e8b465ee728b)
Start importing Assets/ARLocation/Samples/ARLocation Place At Locations.unity using Guid(4d2175edcfda79b4cbe8c129b88a69a2) Importer(815301076,1909f56bfc062723c751e8b465ee728b)  -> (artifact id: '18f9bc308be4574e03f1fc9c84355cec') in 0.005069 seconds 
========================================================================
Received Import Request.
  Time since last request: 1.219198 seconds.
  path: Assets/ARLocation/Samples/ARLocation Walking Dead.unity
  artifactKey: Guid(e59d2570271b2cf4ba157b8d7232b586) Importer(815301076,1909f56bfc062723c751e8b465ee728b)
Start importing Assets/ARLocation/Samples/ARLocation Walking Dead.unity using Guid(e59d2570271b2cf4ba157b8d7232b586) Importer(815301076,1909f56bfc062723c751e8b465ee728b)  -> (artifact id: '06dcbfb7370927e51e08e8a64a365161') in 0.005829 seconds 
========================================================================
Received Import Request.
  Time since last request: 1.527060 seconds.
  path: Assets/ARLocation/Samples/ARLocation Web Map Loader.unity
  artifactKey: Guid(6ba4e1ff819990d4a9fd03b1bdb63b58) Importer(815301076,1909f56bfc062723c751e8b465ee728b)
Start importing Assets/ARLocation/Samples/ARLocation Web Map Loader.unity using Guid(6ba4e1ff819990d4a9fd03b1bdb63b58) Importer(815301076,1909f56bfc062723c751e8b465ee728b)  -> (artifact id: 'ddf13879cb85803c2fd748630a0e335c') in 0.006191 seconds 
========================================================================
Received Import Request.
  Time since last request: 2.433969 seconds.
  path: Assets/ARLocation/Samples/Main.unity
  artifactKey: Guid(5a854ef2dc380f7479d3820a2c0df2cd) Importer(815301076,1909f56bfc062723c751e8b465ee728b)
Start importing Assets/ARLocation/Samples/Main.unity using Guid(5a854ef2dc380f7479d3820a2c0df2cd) Importer(815301076,1909f56bfc062723c751e8b465ee728b)  -> (artifact id: 'ad61ea9dd81666fa48ef42cd9718aede') in 0.006263 seconds 
========================================================================
Received Prepare
Registering precompiled user dll's ...
Registered in 0.010231 seconds.
Begin MonoManager ReloadAssembly
Native extension for UWP target not found
Native extension for WindowsStandalone target not found
Native extension for AppleTV target not found
Native extension for iOS target not found
Native extension for Android target not found
Native extension for WebGL target not found
Refreshing native plugins compatible for Editor in 1.64 ms, found 9 plugins.
Preloading 0 native plugins for Editor in 0.00 ms.
[ARLocation]: Starting up!
UnityEngine.StackTraceUtility:ExtractStackTrace ()
UnityEngine.DebugLogHandler:LogFormat (UnityEngine.LogType,UnityEngine.Object,string,object[])
UnityEngine.Logger:Log (UnityEngine.LogType,object)
UnityEngine.Debug:Log (object)
ARLocationEditorConfigManager:.cctor () (at Assets/ARLocation/Editor/ARLocationEditorConfigManager.cs:13)
System.Runtime.CompilerServices.RuntimeHelpers:RunClassConstructor (System.RuntimeTypeHandle)
UnityEditor.EditorAssemblies:ProcessInitializeOnLoadAttributes (System.Type[])

(Filename: Assets/ARLocation/Editor/ARLocationEditorConfigManager.cs Line: 13)

[ARLocation]: Resource folder already exists!
UnityEngine.StackTraceUtility:ExtractStackTrace ()
UnityEngine.DebugLogHandler:LogFormat (UnityEngine.LogType,UnityEngine.Object,string,object[])
UnityEngine.Logger:Log (UnityEngine.LogType,object)
UnityEngine.Debug:Log (object)
ARLocationEditorConfigManager:.cctor () (at Assets/ARLocation/Editor/ARLocationEditorConfigManager.cs:17)
System.Runtime.CompilerServices.RuntimeHelpers:RunClassConstructor (System.RuntimeTypeHandle)
UnityEditor.EditorAssemblies:ProcessInitializeOnLoadAttributes (System.Type[])

(Filename: Assets/ARLocation/Editor/ARLocationEditorConfigManager.cs Line: 17)

[ARLocation]: Config already exists!
UnityEngine.StackTraceUtility:ExtractStackTrace ()
UnityEngine.DebugLogHandler:LogFormat (UnityEngine.LogType,UnityEngine.Object,string,object[])
UnityEngine.Logger:Log (UnityEngine.LogType,object)
UnityEngine.Debug:Log (object)
ARLocationEditorConfigManager:.cctor () (at Assets/ARLocation/Editor/ARLocationEditorConfigManager.cs:29)
System.Runtime.CompilerServices.RuntimeHelpers:RunClassConstructor (System.RuntimeTypeHandle)
UnityEditor.EditorAssemblies:ProcessInitializeOnLoadAttributes (System.Type[])

(Filename: Assets/ARLocation/Editor/ARLocationEditorConfigManager.cs Line: 29)

Mono: successfully reloaded assembly
- Completed reload, in  1.344 seconds
Domain Reload Profiling:
	ReloadAssembly (1345ms)
		BeginReloadAssembly (153ms)
			ExecutionOrderSort (0ms)
			DisableScriptedObjects (4ms)
			BackupInstance (0ms)
			ReleaseScriptingObjects (0ms)
			CreateAndSetChildDomain (42ms)
		EndReloadAssembly (1060ms)
			LoadAssemblies (105ms)
			RebuildTransferFunctionScriptingTraits (0ms)
			SetupTypeCache (311ms)
			ReleaseScriptCaches (1ms)
			RebuildScriptCaches (54ms)
			SetupLoadedEditorAssemblies (529ms)
				LogAssemblyErrors (0ms)
				InitializePlatformSupportModulesInManaged (49ms)
				SetLoadedEditorAssemblies (0ms)
				RefreshPlugins (2ms)
				BeforeProcessingInitializeOnLoad (113ms)
				ProcessInitializeOnLoadAttributes (317ms)
				ProcessInitializeOnLoadMethodAttributes (37ms)
				AfterProcessingInitializeOnLoad (10ms)
				EditorAssembliesLoaded (0ms)
			ExecutionOrderSort2 (0ms)
			AwakeInstancesAfterBackupRestoration (6ms)
Platform modules already initialized, skipping
Refreshing native plugins compatible for Editor in 9.52 ms, found 9 plugins.
Preloading 0 native plugins for Editor in 0.00 ms.
Unloading 4474 Unused Serialized files (Serialized files now loaded: 0)
Unloading 42 unused Assets / (115.5 KB). Loaded Objects now: 4984.
Memory consumption went from 158.5 MB to 158.3 MB.
Total: 3.554900 ms (FindLiveObjects: 0.371400 ms CreateObjectMapping: 0.351800 ms MarkObjects: 2.729200 ms  DeleteObjects: 0.101400 ms)

AssetImportParameters requested are different than current active one (requested -> active):
  custom:video-decoder-ogg-theora: a1e56fd34408186e4bbccfd4996cb3dc -> 
  custom:container-muxer-webm: aa71ff27fc2769a1b78a27578f13a17b -> 
  custom:container-demuxer-webm: 4f35f7cbe854078d1ac9338744f61a02 -> 
  custom:video-encoder-webm-vp8: eb34c28f22e8b96e1ab97ce403110664 -> 
  custom:video-codec-MediaFoundation-h265: 746d11721c4dcdbdad8f713fa42b33f4 -> 
  custom:audio-encoder-webm-vorbis: bf7c407c2cedff20999df2af8eb42d56 -> 
  custom:framework-win-MediaFoundation: 216162199b28c13a410421893ffa2e32 -> 
  custom:container-demuxer-ogg: 62fdf1f143b41e24485cea50d1cbac27 -> 
  custom:video-decoder-webm-vp8: 9c59270c3fd7afecdb556c50c9e8de78 -> 
  custom:audio-decoder-ogg-vorbis: bf7c407c2cedff20999df2af8eb42d56 -> 
========================================================================
Received Import Request.
  Time since last request: 135.106167 seconds.
  path: Assets/Scenes/SampleScene.unity
  artifactKey: Guid(9fc0d4010bbf28b4594072e72b8655ab) Importer(815301076,1909f56bfc062723c751e8b465ee728b)
Start importing Assets/Scenes/SampleScene.unity using Guid(9fc0d4010bbf28b4594072e72b8655ab) Importer(815301076,1909f56bfc062723c751e8b465ee728b)  -> (artifact id: 'c611781927a09b9504df3654bd27c487') in 0.011465 seconds 
