Using pre-set license
Built from '2021.3/staging' branch; Version is '2021.3.11f1 (0a5ca18544bf) revision 679073'; Using compiler version '192829333'; Build Type 'Release'
OS: 'Windows 10  (10.0.19044) 64bit Core' Language: 'en' Physical Memory: 16251 MB
BatchMode: 1, IsHumanControllingUs: 0, StartBugReporterOnCrash: 0, Is64bit: 1, IsPro: 1

COMMAND LINE ARGUMENTS:
C:\Program Files\Unity\Hub\Editor\2021.3.11f1\Editor\Unity.exe
-adb2
-batchMode
-noUpm
-name
AssetImportWorker0
-projectPath
C:/Users/lichu/Documents/JUAJUA/JuaJUA/juaJUA
-logFile
Logs/AssetImportWorker0.log
-srvPort
54961
Successfully changed project path to: C:/Users/lichu/Documents/JUAJUA/JuaJUA/juaJUA
C:/Users/lichu/Documents/JUAJUA/JuaJUA/juaJUA
[UnityMemory] Configuration Parameters - Can be set up in boot.config
    "memorysetup-bucket-allocator-granularity=16"
    "memorysetup-bucket-allocator-bucket-count=8"
    "memorysetup-bucket-allocator-block-size=33554432"
    "memorysetup-bucket-allocator-block-count=8"
    "memorysetup-main-allocator-block-size=16777216"
    "memorysetup-thread-allocator-block-size=16777216"
    "memorysetup-gfx-main-allocator-block-size=16777216"
    "memorysetup-gfx-thread-allocator-block-size=16777216"
    "memorysetup-cache-allocator-block-size=4194304"
    "memorysetup-typetree-allocator-block-size=2097152"
    "memorysetup-profiler-bucket-allocator-granularity=16"
    "memorysetup-profiler-bucket-allocator-bucket-count=8"
    "memorysetup-profiler-bucket-allocator-block-size=33554432"
    "memorysetup-profiler-bucket-allocator-block-count=8"
    "memorysetup-profiler-allocator-block-size=16777216"
    "memorysetup-profiler-editor-allocator-block-size=1048576"
    "memorysetup-temp-allocator-size-main=16777216"
    "memorysetup-job-temp-allocator-block-size=2097152"
    "memorysetup-job-temp-allocator-block-size-background=1048576"
    "memorysetup-job-temp-allocator-reduction-small-platforms=262144"
    "memorysetup-temp-allocator-size-background-worker=32768"
    "memorysetup-temp-allocator-size-job-worker=262144"
    "memorysetup-temp-allocator-size-preload-manager=33554432"
    "memorysetup-temp-allocator-size-nav-mesh-worker=65536"
    "memorysetup-temp-allocator-size-audio-worker=65536"
    "memorysetup-temp-allocator-size-cloud-worker=32768"
    "memorysetup-temp-allocator-size-gi-baking-worker=262144"
    "memorysetup-temp-allocator-size-gfx=262144"
Refreshing native plugins compatible for Editor in 113.53 ms, found 9 plugins.
Preloading 0 native plugins for Editor in 0.00 ms.
Initialize engine version: 2021.3.11f1 (0a5ca18544bf)
[Subsystems] Discovering subsystems at path C:/Program Files/Unity/Hub/Editor/2021.3.11f1/Editor/Data/Resources/UnitySubsystems
[Subsystems] Discovering subsystems at path C:/Users/lichu/Documents/JUAJUA/JuaJUA/juaJUA/Assets
GfxDevice: creating device client; threaded=0; jobified=0
Direct3D:
    Version:  Direct3D 11.0 [level 11.1]
    Renderer: NVIDIA GeForce GTX 1660 Ti (ID=0x2191)
    Vendor:   NVIDIA
    VRAM:     5991 MB
    Driver:   31.0.15.1700
Initialize mono
Mono path[0] = 'C:/Program Files/Unity/Hub/Editor/2021.3.11f1/Editor/Data/Managed'
Mono path[1] = 'C:/Program Files/Unity/Hub/Editor/2021.3.11f1/Editor/Data/MonoBleedingEdge/lib/mono/unityjit-win32'
Mono config path = 'C:/Program Files/Unity/Hub/Editor/2021.3.11f1/Editor/Data/MonoBleedingEdge/etc'
Using monoOptions --debugger-agent=transport=dt_socket,embedding=1,server=y,suspend=n,address=127.0.0.1:56664
Begin MonoManager ReloadAssembly
Registering precompiled unity dll's ...
Register platform support module: C:/Program Files/Unity/Hub/Editor/2021.3.11f1/Editor/Data/PlaybackEngines/WebGLSupport/UnityEditor.WebGL.Extensions.dll
Register platform support module: C:/Program Files/Unity/Hub/Editor/2021.3.11f1/Editor/Data/PlaybackEngines/AndroidPlayer/UnityEditor.Android.Extensions.dll
Register platform support module: C:/Program Files/Unity/Hub/Editor/2021.3.11f1/Editor/Data/PlaybackEngines/iOSSupport/UnityEditor.iOS.Extensions.dll
Register platform support module: C:/Program Files/Unity/Hub/Editor/2021.3.11f1/Editor/Data/PlaybackEngines/AppleTVSupport/UnityEditor.AppleTV.Extensions.dll
Register platform support module: C:/Program Files/Unity/Hub/Editor/2021.3.11f1/Editor/Data/PlaybackEngines/WindowsStandaloneSupport/UnityEditor.WindowsStandalone.Extensions.dll
Register platform support module: C:/Program Files/Unity/Hub/Editor/2021.3.11f1/Editor/Data/PlaybackEngines/MetroSupport/UnityEditor.UWP.Extensions.dll
Registered in 0.016166 seconds.
Native extension for UWP target not found
Native extension for WindowsStandalone target not found
[usbmuxd] Start listen thread
[usbmuxd] Listen thread started
Native extension for AppleTV target not found
[usbmuxd] Start listen thread
[usbmuxd] Listen thread started
Native extension for iOS target not found
Native extension for Android target not found
Native extension for WebGL target not found
Refreshing native plugins compatible for Editor in 134.52 ms, found 9 plugins.
Preloading 0 native plugins for Editor in 0.00 ms.
Mono: successfully reloaded assembly
- Completed reload, in  0.819 seconds
Domain Reload Profiling:
	ReloadAssembly (819ms)
		BeginReloadAssembly (81ms)
			ExecutionOrderSort (0ms)
			DisableScriptedObjects (0ms)
			BackupInstance (0ms)
			ReleaseScriptingObjects (0ms)
			CreateAndSetChildDomain (1ms)
		EndReloadAssembly (605ms)
			LoadAssemblies (79ms)
			RebuildTransferFunctionScriptingTraits (0ms)
			SetupTypeCache (126ms)
			ReleaseScriptCaches (0ms)
			RebuildScriptCaches (30ms)
			SetupLoadedEditorAssemblies (389ms)
				LogAssemblyErrors (0ms)
				InitializePlatformSupportModulesInManaged (92ms)
				SetLoadedEditorAssemblies (0ms)
				RefreshPlugins (135ms)
				BeforeProcessingInitializeOnLoad (2ms)
				ProcessInitializeOnLoadAttributes (116ms)
				ProcessInitializeOnLoadMethodAttributes (45ms)
				AfterProcessingInitializeOnLoad (0ms)
				EditorAssembliesLoaded (0ms)
			ExecutionOrderSort2 (0ms)
			AwakeInstancesAfterBackupRestoration (0ms)
Platform modules already initialized, skipping
Registering precompiled user dll's ...
Registered in 0.010409 seconds.
Begin MonoManager ReloadAssembly
Symbol file LoadedFromMemory doesn't match image C:\Users\lichu\Documents\JUAJUA\JuaJUA\juaJUA\Library\PackageCache\com.unity.visualscripting@1.7.8\Editor\VisualScripting.Core\Dependencies\DotNetZip\Unity.VisualScripting.IonicZip.dll
Symbol file LoadedFromMemory doesn't match image C:\Users\lichu\Documents\JUAJUA\JuaJUA\juaJUA\Library\PackageCache\com.unity.visualscripting@1.7.8\Editor\VisualScripting.Core\Dependencies\YamlDotNet\Unity.VisualScripting.YamlDotNet.dll
Native extension for UWP target not found
Native extension for WindowsStandalone target not found
Native extension for AppleTV target not found
Native extension for iOS target not found
Native extension for Android target not found
Native extension for WebGL target not found
Refreshing native plugins compatible for Editor in 110.91 ms, found 9 plugins.
Preloading 0 native plugins for Editor in 0.00 ms.
Package Manager log level set to [2]
[ARLocation]: Starting up!
UnityEngine.StackTraceUtility:ExtractStackTrace ()
UnityEngine.DebugLogHandler:LogFormat (UnityEngine.LogType,UnityEngine.Object,string,object[])
UnityEngine.Logger:Log (UnityEngine.LogType,object)
UnityEngine.Debug:Log (object)
ARLocationEditorConfigManager:.cctor () (at Assets/ARLocation/Editor/ARLocationEditorConfigManager.cs:13)
System.Runtime.CompilerServices.RuntimeHelpers:RunClassConstructor (System.RuntimeTypeHandle)
UnityEditor.EditorAssemblies:ProcessInitializeOnLoadAttributes (System.Type[])

(Filename: Assets/ARLocation/Editor/ARLocationEditorConfigManager.cs Line: 13)

[ARLocation]: Resource folder already exists!
UnityEngine.StackTraceUtility:ExtractStackTrace ()
UnityEngine.DebugLogHandler:LogFormat (UnityEngine.LogType,UnityEngine.Object,string,object[])
UnityEngine.Logger:Log (UnityEngine.LogType,object)
UnityEngine.Debug:Log (object)
ARLocationEditorConfigManager:.cctor () (at Assets/ARLocation/Editor/ARLocationEditorConfigManager.cs:17)
System.Runtime.CompilerServices.RuntimeHelpers:RunClassConstructor (System.RuntimeTypeHandle)
UnityEditor.EditorAssemblies:ProcessInitializeOnLoadAttributes (System.Type[])

(Filename: Assets/ARLocation/Editor/ARLocationEditorConfigManager.cs Line: 17)

[ARLocation]: Config already exists!
UnityEngine.StackTraceUtility:ExtractStackTrace ()
UnityEngine.DebugLogHandler:LogFormat (UnityEngine.LogType,UnityEngine.Object,string,object[])
UnityEngine.Logger:Log (UnityEngine.LogType,object)
UnityEngine.Debug:Log (object)
ARLocationEditorConfigManager:.cctor () (at Assets/ARLocation/Editor/ARLocationEditorConfigManager.cs:29)
System.Runtime.CompilerServices.RuntimeHelpers:RunClassConstructor (System.RuntimeTypeHandle)
UnityEditor.EditorAssemblies:ProcessInitializeOnLoadAttributes (System.Type[])

(Filename: Assets/ARLocation/Editor/ARLocationEditorConfigManager.cs Line: 29)

Mono: successfully reloaded assembly
- Completed reload, in  1.557 seconds
Domain Reload Profiling:
	ReloadAssembly (1558ms)
		BeginReloadAssembly (211ms)
			ExecutionOrderSort (0ms)
			DisableScriptedObjects (6ms)
			BackupInstance (0ms)
			ReleaseScriptingObjects (0ms)
			CreateAndSetChildDomain (118ms)
		EndReloadAssembly (1203ms)
			LoadAssemblies (124ms)
			RebuildTransferFunctionScriptingTraits (0ms)
			SetupTypeCache (313ms)
			ReleaseScriptCaches (1ms)
			RebuildScriptCaches (63ms)
			SetupLoadedEditorAssemblies (644ms)
				LogAssemblyErrors (0ms)
				InitializePlatformSupportModulesInManaged (32ms)
				SetLoadedEditorAssemblies (0ms)
				RefreshPlugins (111ms)
				BeforeProcessingInitializeOnLoad (136ms)
				ProcessInitializeOnLoadAttributes (325ms)
				ProcessInitializeOnLoadMethodAttributes (29ms)
				AfterProcessingInitializeOnLoad (11ms)
				EditorAssembliesLoaded (0ms)
			ExecutionOrderSort2 (0ms)
			AwakeInstancesAfterBackupRestoration (6ms)
Platform modules already initialized, skipping
========================================================================
Worker process is ready to serve import requests
Launched and connected shader compiler UnityShaderCompiler.exe after 0.06 seconds
Refreshing native plugins compatible for Editor in 0.90 ms, found 9 plugins.
Preloading 0 native plugins for Editor in 0.00 ms.
Unloading 4495 Unused Serialized files (Serialized files now loaded: 0)
Unloading 52 unused Assets / (148.7 KB). Loaded Objects now: 4940.
Memory consumption went from 154.6 MB to 154.5 MB.
Total: 4.609500 ms (FindLiveObjects: 0.327200 ms CreateObjectMapping: 0.312600 ms MarkObjects: 3.820800 ms  DeleteObjects: 0.147400 ms)

AssetImportParameters requested are different than current active one (requested -> active):
  custom:video-decoder-ogg-theora: a1e56fd34408186e4bbccfd4996cb3dc -> 
  custom:container-muxer-webm: aa71ff27fc2769a1b78a27578f13a17b -> 
  custom:container-demuxer-webm: 4f35f7cbe854078d1ac9338744f61a02 -> 
  custom:video-encoder-webm-vp8: eb34c28f22e8b96e1ab97ce403110664 -> 
  custom:video-codec-MediaFoundation-h265: 746d11721c4dcdbdad8f713fa42b33f4 -> 
  custom:audio-encoder-webm-vorbis: bf7c407c2cedff20999df2af8eb42d56 -> 
  custom:framework-win-MediaFoundation: 216162199b28c13a410421893ffa2e32 -> 
  custom:container-demuxer-ogg: 62fdf1f143b41e24485cea50d1cbac27 -> 
  custom:video-decoder-webm-vp8: 9c59270c3fd7afecdb556c50c9e8de78 -> 
  custom:audio-decoder-ogg-vorbis: bf7c407c2cedff20999df2af8eb42d56 -> 
========================================================================
Received Import Request.
  Time since last request: 466537.698167 seconds.
  path: Assets/Scenes/startScene.unity
  artifactKey: Guid(ad7be18b807a6dd4793d704269d11cd6) Importer(815301076,1909f56bfc062723c751e8b465ee728b)
Start importing Assets/Scenes/startScene.unity using Guid(ad7be18b807a6dd4793d704269d11cd6) Importer(815301076,1909f56bfc062723c751e8b465ee728b)  -> (artifact id: '9f187e3624fdac2da44f3e48c2c9da01') in 0.010903 seconds 
========================================================================
Received Import Request.
  Time since last request: 163.683750 seconds.
  path: Assets/Resources/ARLocationConfig.asset
  artifactKey: Guid(462c23d072aad314a8788bcbf9f1434c) Importer(815301076,1909f56bfc062723c751e8b465ee728b)
Start importing Assets/Resources/ARLocationConfig.asset using Guid(462c23d072aad314a8788bcbf9f1434c) Importer(815301076,1909f56bfc062723c751e8b465ee728b)  -> (artifact id: '760592391ecd4a9c76cca6a4f04e888b') in 0.056693 seconds 
========================================================================
Received Import Request.
  Time since last request: 25.164831 seconds.
  path: Assets/sprites
  artifactKey: Guid(9427a8d1ca23a27448ae7fcdd6d7ec38) Importer(815301076,1909f56bfc062723c751e8b465ee728b)
Start importing Assets/sprites using Guid(9427a8d1ca23a27448ae7fcdd6d7ec38) Importer(815301076,1909f56bfc062723c751e8b465ee728b)  -> (artifact id: '22d41371da5982a8354b57939e241987') in 0.005693 seconds 
========================================================================
Received Import Request.
  Time since last request: 111.679006 seconds.
  path: Assets/sprites/assets-03.png
  artifactKey: Guid(3907cc44e3cf63c489298b49dcb1f294) Importer(815301076,1909f56bfc062723c751e8b465ee728b)
Start importing Assets/sprites/assets-03.png using Guid(3907cc44e3cf63c489298b49dcb1f294) Importer(815301076,1909f56bfc062723c751e8b465ee728b)  -> (artifact id: 'ea29947bbcbaea70ef403cfdb1f74ed3') in 0.106940 seconds 
========================================================================
Received Import Request.
  Time since last request: 0.000027 seconds.
  path: Assets/sprites/assets-06.png
  artifactKey: Guid(cd3e92054b7c4e548b4a2c3c9e7870ab) Importer(815301076,1909f56bfc062723c751e8b465ee728b)
Start importing Assets/sprites/assets-06.png using Guid(cd3e92054b7c4e548b4a2c3c9e7870ab) Importer(815301076,1909f56bfc062723c751e8b465ee728b)  -> (artifact id: '0b15c8f5005431e866d57b15b20a9d84') in 0.015861 seconds 
========================================================================
Received Import Request.
  Time since last request: 0.000026 seconds.
  path: Assets/sprites/assets-08.png
  artifactKey: Guid(074501a2f557e6c408ea6b0e00568337) Importer(815301076,1909f56bfc062723c751e8b465ee728b)
Start importing Assets/sprites/assets-08.png using Guid(074501a2f557e6c408ea6b0e00568337) Importer(815301076,1909f56bfc062723c751e8b465ee728b)  -> (artifact id: '26d3c20d68525aa73731bfc682e502ad') in 0.012956 seconds 
========================================================================
Received Import Request.
  Time since last request: 0.000020 seconds.
  path: Assets/sprites/assets-05.png
  artifactKey: Guid(500fa0a7e0d383b46b6cbb89c2f66844) Importer(815301076,1909f56bfc062723c751e8b465ee728b)
Start importing Assets/sprites/assets-05.png using Guid(500fa0a7e0d383b46b6cbb89c2f66844) Importer(815301076,1909f56bfc062723c751e8b465ee728b)  -> (artifact id: '301cc4fb061163231cc901b380298ec3') in 0.011140 seconds 
========================================================================
Received Prepare
Registering precompiled user dll's ...
Registered in 0.009769 seconds.
Begin MonoManager ReloadAssembly
Symbol file LoadedFromMemory doesn't match image C:\Users\lichu\Documents\JUAJUA\JuaJUA\juaJUA\Library\PackageCache\com.unity.visualscripting@1.7.8\Editor\VisualScripting.Core\Dependencies\DotNetZip\Unity.VisualScripting.IonicZip.dll
Symbol file LoadedFromMemory doesn't match image C:\Users\lichu\Documents\JUAJUA\JuaJUA\juaJUA\Library\PackageCache\com.unity.visualscripting@1.7.8\Editor\VisualScripting.Core\Dependencies\YamlDotNet\Unity.VisualScripting.YamlDotNet.dll
Native extension for UWP target not found
Native extension for WindowsStandalone target not found
Native extension for AppleTV target not found
Native extension for iOS target not found
Native extension for Android target not found
Native extension for WebGL target not found
Refreshing native plugins compatible for Editor in 1.15 ms, found 9 plugins.
Preloading 0 native plugins for Editor in 0.00 ms.
[ARLocation]: Starting up!
UnityEngine.StackTraceUtility:ExtractStackTrace ()
UnityEngine.DebugLogHandler:LogFormat (UnityEngine.LogType,UnityEngine.Object,string,object[])
UnityEngine.Logger:Log (UnityEngine.LogType,object)
UnityEngine.Debug:Log (object)
ARLocationEditorConfigManager:.cctor () (at Assets/ARLocation/Editor/ARLocationEditorConfigManager.cs:13)
System.Runtime.CompilerServices.RuntimeHelpers:RunClassConstructor (System.RuntimeTypeHandle)
UnityEditor.EditorAssemblies:ProcessInitializeOnLoadAttributes (System.Type[])

(Filename: Assets/ARLocation/Editor/ARLocationEditorConfigManager.cs Line: 13)

[ARLocation]: Resource folder already exists!
UnityEngine.StackTraceUtility:ExtractStackTrace ()
UnityEngine.DebugLogHandler:LogFormat (UnityEngine.LogType,UnityEngine.Object,string,object[])
UnityEngine.Logger:Log (UnityEngine.LogType,object)
UnityEngine.Debug:Log (object)
ARLocationEditorConfigManager:.cctor () (at Assets/ARLocation/Editor/ARLocationEditorConfigManager.cs:17)
System.Runtime.CompilerServices.RuntimeHelpers:RunClassConstructor (System.RuntimeTypeHandle)
UnityEditor.EditorAssemblies:ProcessInitializeOnLoadAttributes (System.Type[])

(Filename: Assets/ARLocation/Editor/ARLocationEditorConfigManager.cs Line: 17)

[ARLocation]: Config already exists!
UnityEngine.StackTraceUtility:ExtractStackTrace ()
UnityEngine.DebugLogHandler:LogFormat (UnityEngine.LogType,UnityEngine.Object,string,object[])
UnityEngine.Logger:Log (UnityEngine.LogType,object)
UnityEngine.Debug:Log (object)
ARLocationEditorConfigManager:.cctor () (at Assets/ARLocation/Editor/ARLocationEditorConfigManager.cs:29)
System.Runtime.CompilerServices.RuntimeHelpers:RunClassConstructor (System.RuntimeTypeHandle)
UnityEditor.EditorAssemblies:ProcessInitializeOnLoadAttributes (System.Type[])

(Filename: Assets/ARLocation/Editor/ARLocationEditorConfigManager.cs Line: 29)

Mono: successfully reloaded assembly
- Completed reload, in  1.532 seconds
Domain Reload Profiling:
	ReloadAssembly (1533ms)
		BeginReloadAssembly (165ms)
			ExecutionOrderSort (0ms)
			DisableScriptedObjects (6ms)
			BackupInstance (0ms)
			ReleaseScriptingObjects (0ms)
			CreateAndSetChildDomain (49ms)
		EndReloadAssembly (1225ms)
			LoadAssemblies (113ms)
			RebuildTransferFunctionScriptingTraits (0ms)
			SetupTypeCache (406ms)
			ReleaseScriptCaches (2ms)
			RebuildScriptCaches (60ms)
			SetupLoadedEditorAssemblies (566ms)
				LogAssemblyErrors (0ms)
				InitializePlatformSupportModulesInManaged (48ms)
				SetLoadedEditorAssemblies (0ms)
				RefreshPlugins (1ms)
				BeforeProcessingInitializeOnLoad (116ms)
				ProcessInitializeOnLoadAttributes (347ms)
				ProcessInitializeOnLoadMethodAttributes (42ms)
				AfterProcessingInitializeOnLoad (11ms)
				EditorAssembliesLoaded (0ms)
			ExecutionOrderSort2 (0ms)
			AwakeInstancesAfterBackupRestoration (7ms)
Platform modules already initialized, skipping
Refreshing native plugins compatible for Editor in 7.73 ms, found 9 plugins.
Preloading 0 native plugins for Editor in 0.00 ms.
Unloading 4474 Unused Serialized files (Serialized files now loaded: 0)
Unloading 42 unused Assets / (115.2 KB). Loaded Objects now: 4948.
Memory consumption went from 154.1 MB to 153.9 MB.
Total: 5.080300 ms (FindLiveObjects: 0.711600 ms CreateObjectMapping: 0.401000 ms MarkObjects: 3.824700 ms  DeleteObjects: 0.141700 ms)

AssetImportParameters requested are different than current active one (requested -> active):
  custom:video-decoder-ogg-theora: a1e56fd34408186e4bbccfd4996cb3dc -> 
  custom:container-muxer-webm: aa71ff27fc2769a1b78a27578f13a17b -> 
  custom:container-demuxer-webm: 4f35f7cbe854078d1ac9338744f61a02 -> 
  custom:video-encoder-webm-vp8: eb34c28f22e8b96e1ab97ce403110664 -> 
  custom:video-codec-MediaFoundation-h265: 746d11721c4dcdbdad8f713fa42b33f4 -> 
  custom:audio-encoder-webm-vorbis: bf7c407c2cedff20999df2af8eb42d56 -> 
  custom:framework-win-MediaFoundation: 216162199b28c13a410421893ffa2e32 -> 
  custom:container-demuxer-ogg: 62fdf1f143b41e24485cea50d1cbac27 -> 
  custom:video-decoder-webm-vp8: 9c59270c3fd7afecdb556c50c9e8de78 -> 
  custom:audio-decoder-ogg-vorbis: bf7c407c2cedff20999df2af8eb42d56 -> 
========================================================================
Received Import Request.
  Time since last request: 1260.563262 seconds.
  path: Assets/sprites/assets-05.png
  artifactKey: Guid(500fa0a7e0d383b46b6cbb89c2f66844) Importer(815301076,1909f56bfc062723c751e8b465ee728b)
Start importing Assets/sprites/assets-05.png using Guid(500fa0a7e0d383b46b6cbb89c2f66844) Importer(815301076,1909f56bfc062723c751e8b465ee728b)  -> (artifact id: '335190e5a8449ccfd927eb89b60e0058') in 0.220182 seconds 
========================================================================
Received Import Request.
  Time since last request: 168.737684 seconds.
  path: Assets/sprites/screens and buttons-03.png
  artifactKey: Guid(953ea7a318673964cac9e4e6c7a36527) Importer(815301076,1909f56bfc062723c751e8b465ee728b)
Start importing Assets/sprites/screens and buttons-03.png using Guid(953ea7a318673964cac9e4e6c7a36527) Importer(815301076,1909f56bfc062723c751e8b465ee728b)  -> (artifact id: 'a30ea3725f26e3602447d793ce2f85de') in 0.029064 seconds 
========================================================================
Received Import Request.
  Time since last request: 11.514809 seconds.
  path: Assets/sprites/screens and buttons-03.png
  artifactKey: Guid(953ea7a318673964cac9e4e6c7a36527) Importer(815301076,1909f56bfc062723c751e8b465ee728b)
Start importing Assets/sprites/screens and buttons-03.png using Guid(953ea7a318673964cac9e4e6c7a36527) Importer(815301076,1909f56bfc062723c751e8b465ee728b)  -> (artifact id: 'c687d5e8a9feef25f75c31a6297ab753') in 0.039774 seconds 
========================================================================
Received Import Request.
  Time since last request: 17.040656 seconds.
  path: Assets/sprites/screens and buttons-03.png
  artifactKey: Guid(953ea7a318673964cac9e4e6c7a36527) Importer(815301076,1909f56bfc062723c751e8b465ee728b)
Start importing Assets/sprites/screens and buttons-03.png using Guid(953ea7a318673964cac9e4e6c7a36527) Importer(815301076,1909f56bfc062723c751e8b465ee728b)  -> (artifact id: '7e0c35305278bcb5092d67aa01559a6b') in 0.445460 seconds 
========================================================================
Received Import Request.
  Time since last request: 118.298255 seconds.
  path: Assets/sprites/assets-04.png
  artifactKey: Guid(b415a0adeb5138d4bab715aa87c993ba) Importer(815301076,1909f56bfc062723c751e8b465ee728b)
Start importing Assets/sprites/assets-04.png using Guid(b415a0adeb5138d4bab715aa87c993ba) Importer(815301076,1909f56bfc062723c751e8b465ee728b)  -> (artifact id: '789fbbe3b542f9f8e1e0f91c561c66e2') in 0.022555 seconds 
========================================================================
Received Import Request.
  Time since last request: 6.174972 seconds.
  path: Assets/sprites/assets-04.png
  artifactKey: Guid(b415a0adeb5138d4bab715aa87c993ba) Importer(815301076,1909f56bfc062723c751e8b465ee728b)
Start importing Assets/sprites/assets-04.png using Guid(b415a0adeb5138d4bab715aa87c993ba) Importer(815301076,1909f56bfc062723c751e8b465ee728b)  -> (artifact id: 'bc2596fa3e045ad6087601ba5a4b6998') in 0.047408 seconds 
========================================================================
Received Import Request.
  Time since last request: 200.111807 seconds.
  path: Assets/sprites/assets-05.png
  artifactKey: Guid(500fa0a7e0d383b46b6cbb89c2f66844) Importer(815301076,1909f56bfc062723c751e8b465ee728b)
Start importing Assets/sprites/assets-05.png using Guid(500fa0a7e0d383b46b6cbb89c2f66844) Importer(815301076,1909f56bfc062723c751e8b465ee728b)  -> (artifact id: '96e29ef0db8f95e5f8d4ad481f1f34ae') in 0.018245 seconds 
========================================================================
Received Import Request.
  Time since last request: 14.261949 seconds.
  path: Assets/sprites/assets-05.png
  artifactKey: Guid(500fa0a7e0d383b46b6cbb89c2f66844) Importer(815301076,1909f56bfc062723c751e8b465ee728b)
Start importing Assets/sprites/assets-05.png using Guid(500fa0a7e0d383b46b6cbb89c2f66844) Importer(815301076,1909f56bfc062723c751e8b465ee728b)  -> (artifact id: '75aad361e8ab6ae53c5fbe600b0c08c1') in 0.030923 seconds 
========================================================================
Received Import Request.
  Time since last request: 279.942030 seconds.
  path: Assets/sprites/assets-06.png
  artifactKey: Guid(cd3e92054b7c4e548b4a2c3c9e7870ab) Importer(815301076,1909f56bfc062723c751e8b465ee728b)
Start importing Assets/sprites/assets-06.png using Guid(cd3e92054b7c4e548b4a2c3c9e7870ab) Importer(815301076,1909f56bfc062723c751e8b465ee728b)  -> (artifact id: 'f1f7d3e8d362981ff87a633e0a406f58') in 0.025153 seconds 
========================================================================
Received Import Request.
  Time since last request: 13.624621 seconds.
  path: Assets/sprites/assets-06.png
  artifactKey: Guid(cd3e92054b7c4e548b4a2c3c9e7870ab) Importer(815301076,1909f56bfc062723c751e8b465ee728b)
Start importing Assets/sprites/assets-06.png using Guid(cd3e92054b7c4e548b4a2c3c9e7870ab) Importer(815301076,1909f56bfc062723c751e8b465ee728b)  -> (artifact id: '517d1035178dc8d7b2f520d082938bad') in 0.039596 seconds 
========================================================================
Received Import Request.
  Time since last request: 197.477910 seconds.
  path: Assets/sprites/assets-07.png
  artifactKey: Guid(070ce3c82cbeb5c44b50a6c4e301116a) Importer(815301076,1909f56bfc062723c751e8b465ee728b)
Start importing Assets/sprites/assets-07.png using Guid(070ce3c82cbeb5c44b50a6c4e301116a) Importer(815301076,1909f56bfc062723c751e8b465ee728b)  -> (artifact id: '9441c3b068c1032d58e175c39380cbd0') in 0.028769 seconds 
========================================================================
Received Import Request.
  Time since last request: 3.562456 seconds.
  path: Assets/sprites/assets-07.png
  artifactKey: Guid(070ce3c82cbeb5c44b50a6c4e301116a) Importer(815301076,1909f56bfc062723c751e8b465ee728b)
Start importing Assets/sprites/assets-07.png using Guid(070ce3c82cbeb5c44b50a6c4e301116a) Importer(815301076,1909f56bfc062723c751e8b465ee728b)  -> (artifact id: '39cbfd7abe63858d960566ffe8525864') in 0.039931 seconds 
========================================================================
Received Import Request.
  Time since last request: 102.421903 seconds.
  path: Assets/sprites/assets-08.png
  artifactKey: Guid(074501a2f557e6c408ea6b0e00568337) Importer(815301076,1909f56bfc062723c751e8b465ee728b)
Start importing Assets/sprites/assets-08.png using Guid(074501a2f557e6c408ea6b0e00568337) Importer(815301076,1909f56bfc062723c751e8b465ee728b)  -> (artifact id: '1f2993723a8607c2b4c924f978fef3c7') in 0.014134 seconds 
========================================================================
Received Import Request.
  Time since last request: 6.090614 seconds.
  path: Assets/sprites/assets-08.png
  artifactKey: Guid(074501a2f557e6c408ea6b0e00568337) Importer(815301076,1909f56bfc062723c751e8b465ee728b)
Start importing Assets/sprites/assets-08.png using Guid(074501a2f557e6c408ea6b0e00568337) Importer(815301076,1909f56bfc062723c751e8b465ee728b)  -> (artifact id: 'b917d9f437e0bf7e5ae7b4a2b95db513') in 0.040194 seconds 
========================================================================
Received Prepare
Refreshing native plugins compatible for Editor in 172.84 ms, found 9 plugins.
Preloading 0 native plugins for Editor in 0.00 ms.
Unloading 55 Unused Serialized files (Serialized files now loaded: 0)
Unloading 55 unused Assets / (0.8 MB). Loaded Objects now: 4963.
Memory consumption went from 71.7 MB to 71.0 MB.
Total: 155.986400 ms (FindLiveObjects: 0.879400 ms CreateObjectMapping: 0.641700 ms MarkObjects: 153.930600 ms  DeleteObjects: 0.532900 ms)

AssetImportParameters requested are different than current active one (requested -> active):
  custom:video-decoder-ogg-theora: a1e56fd34408186e4bbccfd4996cb3dc -> 
  custom:container-muxer-webm: aa71ff27fc2769a1b78a27578f13a17b -> 
  custom:container-demuxer-webm: 4f35f7cbe854078d1ac9338744f61a02 -> 
  custom:video-encoder-webm-vp8: eb34c28f22e8b96e1ab97ce403110664 -> 
  custom:video-codec-MediaFoundation-h265: 746d11721c4dcdbdad8f713fa42b33f4 -> 
  custom:audio-encoder-webm-vorbis: bf7c407c2cedff20999df2af8eb42d56 -> 
  custom:framework-win-MediaFoundation: 216162199b28c13a410421893ffa2e32 -> 
  custom:container-demuxer-ogg: 62fdf1f143b41e24485cea50d1cbac27 -> 
  custom:video-decoder-webm-vp8: 9c59270c3fd7afecdb556c50c9e8de78 -> 
  custom:audio-decoder-ogg-vorbis: bf7c407c2cedff20999df2af8eb42d56 -> 
========================================================================
Received Prepare
Refreshing native plugins compatible for Editor in 16.27 ms, found 9 plugins.
Preloading 0 native plugins for Editor in 0.00 ms.
Unloading 55 Unused Serialized files (Serialized files now loaded: 0)
Unloading 55 unused Assets / (0.8 MB). Loaded Objects now: 4963.
Memory consumption went from 71.7 MB to 71.0 MB.
Total: 4.570200 ms (FindLiveObjects: 0.360600 ms CreateObjectMapping: 0.299100 ms MarkObjects: 3.493100 ms  DeleteObjects: 0.416700 ms)

AssetImportParameters requested are different than current active one (requested -> active):
  custom:video-decoder-ogg-theora: a1e56fd34408186e4bbccfd4996cb3dc -> 
  custom:container-muxer-webm: aa71ff27fc2769a1b78a27578f13a17b -> 
  custom:container-demuxer-webm: 4f35f7cbe854078d1ac9338744f61a02 -> 
  custom:video-encoder-webm-vp8: eb34c28f22e8b96e1ab97ce403110664 -> 
  custom:video-codec-MediaFoundation-h265: 746d11721c4dcdbdad8f713fa42b33f4 -> 
  custom:audio-encoder-webm-vorbis: bf7c407c2cedff20999df2af8eb42d56 -> 
  custom:framework-win-MediaFoundation: 216162199b28c13a410421893ffa2e32 -> 
  custom:container-demuxer-ogg: 62fdf1f143b41e24485cea50d1cbac27 -> 
  custom:video-decoder-webm-vp8: 9c59270c3fd7afecdb556c50c9e8de78 -> 
  custom:audio-decoder-ogg-vorbis: bf7c407c2cedff20999df2af8eb42d56 -> 
========================================================================
Received Import Request.
  Time since last request: 166.456979 seconds.
  path: Assets/sprites/assets-03.png
  artifactKey: Guid(3907cc44e3cf63c489298b49dcb1f294) Importer(815301076,1909f56bfc062723c751e8b465ee728b)
Start importing Assets/sprites/assets-03.png using Guid(3907cc44e3cf63c489298b49dcb1f294) Importer(815301076,1909f56bfc062723c751e8b465ee728b)  -> (artifact id: '2d9331dd669a549ed8f3d64479c4d217') in 0.460667 seconds 
========================================================================
Received Import Request.
  Time since last request: 0.000043 seconds.
  path: Assets/sprites/assets-06.png
  artifactKey: Guid(cd3e92054b7c4e548b4a2c3c9e7870ab) Importer(815301076,1909f56bfc062723c751e8b465ee728b)
Start importing Assets/sprites/assets-06.png using Guid(cd3e92054b7c4e548b4a2c3c9e7870ab) Importer(815301076,1909f56bfc062723c751e8b465ee728b)  -> (artifact id: '3896a7070e118f6d247f5e0083e5e3f0') in 0.073738 seconds 
========================================================================
Received Import Request.
  Time since last request: 0.000047 seconds.
  path: Assets/sprites/assets-08.png
  artifactKey: Guid(074501a2f557e6c408ea6b0e00568337) Importer(815301076,1909f56bfc062723c751e8b465ee728b)
Start importing Assets/sprites/assets-08.png using Guid(074501a2f557e6c408ea6b0e00568337) Importer(815301076,1909f56bfc062723c751e8b465ee728b)  -> (artifact id: '21bd4538f0280cdc0a0822f401e1262e') in 0.055580 seconds 
========================================================================
Received Import Request.
  Time since last request: 0.000036 seconds.
  path: Assets/sprites/screens and buttons-03.png
  artifactKey: Guid(953ea7a318673964cac9e4e6c7a36527) Importer(815301076,1909f56bfc062723c751e8b465ee728b)
Start importing Assets/sprites/screens and buttons-03.png using Guid(953ea7a318673964cac9e4e6c7a36527) Importer(815301076,1909f56bfc062723c751e8b465ee728b)  -> (artifact id: 'feac88b64253f48b62819217b7985e00') in 0.636807 seconds 
========================================================================
Received Prepare
Registering precompiled user dll's ...
Registered in 0.014126 seconds.
Begin MonoManager ReloadAssembly
Symbol file LoadedFromMemory doesn't match image C:\Users\lichu\Documents\JUAJUA\JuaJUA\juaJUA\Library\PackageCache\com.unity.visualscripting@1.7.8\Editor\VisualScripting.Core\Dependencies\DotNetZip\Unity.VisualScripting.IonicZip.dll
Symbol file LoadedFromMemory doesn't match image C:\Users\lichu\Documents\JUAJUA\JuaJUA\juaJUA\Library\PackageCache\com.unity.visualscripting@1.7.8\Editor\VisualScripting.Core\Dependencies\YamlDotNet\Unity.VisualScripting.YamlDotNet.dll
Native extension for UWP target not found
Native extension for WindowsStandalone target not found
Native extension for AppleTV target not found
Native extension for iOS target not found
Native extension for Android target not found
Native extension for WebGL target not found
Refreshing native plugins compatible for Editor in 1.08 ms, found 9 plugins.
Preloading 0 native plugins for Editor in 0.00 ms.
[ARLocation]: Starting up!
UnityEngine.StackTraceUtility:ExtractStackTrace ()
UnityEngine.DebugLogHandler:LogFormat (UnityEngine.LogType,UnityEngine.Object,string,object[])
UnityEngine.Logger:Log (UnityEngine.LogType,object)
UnityEngine.Debug:Log (object)
ARLocationEditorConfigManager:.cctor () (at Assets/ARLocation/Editor/ARLocationEditorConfigManager.cs:13)
System.Runtime.CompilerServices.RuntimeHelpers:RunClassConstructor (System.RuntimeTypeHandle)
UnityEditor.EditorAssemblies:ProcessInitializeOnLoadAttributes (System.Type[])

(Filename: Assets/ARLocation/Editor/ARLocationEditorConfigManager.cs Line: 13)

[ARLocation]: Resource folder already exists!
UnityEngine.StackTraceUtility:ExtractStackTrace ()
UnityEngine.DebugLogHandler:LogFormat (UnityEngine.LogType,UnityEngine.Object,string,object[])
UnityEngine.Logger:Log (UnityEngine.LogType,object)
UnityEngine.Debug:Log (object)
ARLocationEditorConfigManager:.cctor () (at Assets/ARLocation/Editor/ARLocationEditorConfigManager.cs:17)
System.Runtime.CompilerServices.RuntimeHelpers:RunClassConstructor (System.RuntimeTypeHandle)
UnityEditor.EditorAssemblies:ProcessInitializeOnLoadAttributes (System.Type[])

(Filename: Assets/ARLocation/Editor/ARLocationEditorConfigManager.cs Line: 17)

[ARLocation]: Config already exists!
UnityEngine.StackTraceUtility:ExtractStackTrace ()
UnityEngine.DebugLogHandler:LogFormat (UnityEngine.LogType,UnityEngine.Object,string,object[])
UnityEngine.Logger:Log (UnityEngine.LogType,object)
UnityEngine.Debug:Log (object)
ARLocationEditorConfigManager:.cctor () (at Assets/ARLocation/Editor/ARLocationEditorConfigManager.cs:29)
System.Runtime.CompilerServices.RuntimeHelpers:RunClassConstructor (System.RuntimeTypeHandle)
UnityEditor.EditorAssemblies:ProcessInitializeOnLoadAttributes (System.Type[])

(Filename: Assets/ARLocation/Editor/ARLocationEditorConfigManager.cs Line: 29)

Mono: successfully reloaded assembly
- Completed reload, in  2.085 seconds
Domain Reload Profiling:
	ReloadAssembly (2086ms)
		BeginReloadAssembly (562ms)
			ExecutionOrderSort (0ms)
			DisableScriptedObjects (28ms)
			BackupInstance (0ms)
			ReleaseScriptingObjects (0ms)
			CreateAndSetChildDomain (291ms)
		EndReloadAssembly (1369ms)
			LoadAssemblies (159ms)
			RebuildTransferFunctionScriptingTraits (0ms)
			SetupTypeCache (458ms)
			ReleaseScriptCaches (2ms)
			RebuildScriptCaches (65ms)
			SetupLoadedEditorAssemblies (641ms)
				LogAssemblyErrors (0ms)
				InitializePlatformSupportModulesInManaged (57ms)
				SetLoadedEditorAssemblies (1ms)
				RefreshPlugins (1ms)
				BeforeProcessingInitializeOnLoad (151ms)
				ProcessInitializeOnLoadAttributes (375ms)
				ProcessInitializeOnLoadMethodAttributes (43ms)
				AfterProcessingInitializeOnLoad (12ms)
				EditorAssembliesLoaded (0ms)
			ExecutionOrderSort2 (0ms)
			AwakeInstancesAfterBackupRestoration (7ms)
Platform modules already initialized, skipping
Refreshing native plugins compatible for Editor in 12.21 ms, found 9 plugins.
Preloading 0 native plugins for Editor in 0.00 ms.
Unloading 4487 Unused Serialized files (Serialized files now loaded: 0)
Unloading 55 unused Assets / (0.8 MB). Loaded Objects now: 4969.
Memory consumption went from 160.4 MB to 159.6 MB.
Total: 4.328600 ms (FindLiveObjects: 0.353500 ms CreateObjectMapping: 0.331600 ms MarkObjects: 3.033400 ms  DeleteObjects: 0.609400 ms)

AssetImportParameters requested are different than current active one (requested -> active):
  custom:video-decoder-ogg-theora: a1e56fd34408186e4bbccfd4996cb3dc -> 
  custom:container-muxer-webm: aa71ff27fc2769a1b78a27578f13a17b -> 
  custom:container-demuxer-webm: 4f35f7cbe854078d1ac9338744f61a02 -> 
  custom:video-encoder-webm-vp8: eb34c28f22e8b96e1ab97ce403110664 -> 
  custom:video-codec-MediaFoundation-h265: 746d11721c4dcdbdad8f713fa42b33f4 -> 
  custom:audio-encoder-webm-vorbis: bf7c407c2cedff20999df2af8eb42d56 -> 
  custom:framework-win-MediaFoundation: 216162199b28c13a410421893ffa2e32 -> 
  custom:container-demuxer-ogg: 62fdf1f143b41e24485cea50d1cbac27 -> 
  custom:video-decoder-webm-vp8: 9c59270c3fd7afecdb556c50c9e8de78 -> 
  custom:audio-decoder-ogg-vorbis: bf7c407c2cedff20999df2af8eb42d56 -> 
========================================================================
Received Prepare
Refreshing native plugins compatible for Editor in 36.79 ms, found 9 plugins.
Preloading 0 native plugins for Editor in 0.00 ms.
Unloading 55 Unused Serialized files (Serialized files now loaded: 0)
Unloading 55 unused Assets / (0.8 MB). Loaded Objects now: 4969.
Memory consumption went from 71.4 MB to 70.7 MB.
Total: 8.517900 ms (FindLiveObjects: 0.736800 ms CreateObjectMapping: 0.607200 ms MarkObjects: 6.408700 ms  DeleteObjects: 0.762900 ms)

AssetImportParameters requested are different than current active one (requested -> active):
  custom:video-decoder-ogg-theora: a1e56fd34408186e4bbccfd4996cb3dc -> 
  custom:container-muxer-webm: aa71ff27fc2769a1b78a27578f13a17b -> 
  custom:container-demuxer-webm: 4f35f7cbe854078d1ac9338744f61a02 -> 
  custom:video-encoder-webm-vp8: eb34c28f22e8b96e1ab97ce403110664 -> 
  custom:video-codec-MediaFoundation-h265: 746d11721c4dcdbdad8f713fa42b33f4 -> 
  custom:audio-encoder-webm-vorbis: bf7c407c2cedff20999df2af8eb42d56 -> 
  custom:framework-win-MediaFoundation: 216162199b28c13a410421893ffa2e32 -> 
  custom:container-demuxer-ogg: 62fdf1f143b41e24485cea50d1cbac27 -> 
  custom:video-decoder-webm-vp8: 9c59270c3fd7afecdb556c50c9e8de78 -> 
  custom:audio-decoder-ogg-vorbis: bf7c407c2cedff20999df2af8eb42d56 -> 
========================================================================
Received Prepare
Refreshing native plugins compatible for Editor in 20.21 ms, found 9 plugins.
Preloading 0 native plugins for Editor in 0.00 ms.
Unloading 55 Unused Serialized files (Serialized files now loaded: 0)
Unloading 55 unused Assets / (0.8 MB). Loaded Objects now: 4969.
Memory consumption went from 71.4 MB to 70.7 MB.
Total: 5.484200 ms (FindLiveObjects: 0.402200 ms CreateObjectMapping: 0.408900 ms MarkObjects: 4.113400 ms  DeleteObjects: 0.558500 ms)

AssetImportParameters requested are different than current active one (requested -> active):
  custom:video-decoder-ogg-theora: a1e56fd34408186e4bbccfd4996cb3dc -> 
  custom:container-muxer-webm: aa71ff27fc2769a1b78a27578f13a17b -> 
  custom:container-demuxer-webm: 4f35f7cbe854078d1ac9338744f61a02 -> 
  custom:video-encoder-webm-vp8: eb34c28f22e8b96e1ab97ce403110664 -> 
  custom:video-codec-MediaFoundation-h265: 746d11721c4dcdbdad8f713fa42b33f4 -> 
  custom:audio-encoder-webm-vorbis: bf7c407c2cedff20999df2af8eb42d56 -> 
  custom:framework-win-MediaFoundation: 216162199b28c13a410421893ffa2e32 -> 
  custom:container-demuxer-ogg: 62fdf1f143b41e24485cea50d1cbac27 -> 
  custom:video-decoder-webm-vp8: 9c59270c3fd7afecdb556c50c9e8de78 -> 
  custom:audio-decoder-ogg-vorbis: bf7c407c2cedff20999df2af8eb42d56 -> 
